Using pre-set license
Built from '2020.3/staging' branch; Version is '2020.3.23f1 (c5d91304a876) revision 12966163'; Using compiler version '192528614'; Build Type 'Release'
OS: 'Windows 10 Pro; OS build 19044.1348; Version 2009; 64bit' Language: 'en' Physical Memory: 16298 MB
BatchMode: 1, IsHumanControllingUs: 0, StartBugReporterOnCrash: 0, Is64bit: 1, IsPro: 0

COMMAND LINE ARGUMENTS:
C:\Program Files\Unity\Hub\Editor\2020.3.23f1\Editor\Unity.exe
-adb2
-batchMode
-noUpm
-name
AssetImportWorker0
-projectPath
C:/GitHub/Endless-Runner/Endless_Runner
-logFile
Logs/AssetImportWorker0.log
-srvPort
50209
Successfully changed project path to: C:/GitHub/Endless-Runner/Endless_Runner
C:/GitHub/Endless-Runner/Endless_Runner
Using Asset Import Pipeline V2.
Refreshing native plugins compatible for Editor in 30.29 ms, found 3 plugins.
Preloading 0 native plugins for Editor in 0.00 ms.
Initialize engine version: 2020.3.23f1 (c5d91304a876)
[Subsystems] Discovering subsystems at path C:/Program Files/Unity/Hub/Editor/2020.3.23f1/Editor/Data/Resources/UnitySubsystems
[Subsystems] Discovering subsystems at path C:/GitHub/Endless-Runner/Endless_Runner/Assets
GfxDevice: creating device client; threaded=0
Direct3D:
    Version:  Direct3D 11.0 [level 11.1]
    Renderer: NVIDIA GeForce RTX 3060 (ID=0x2504)
    Vendor:   
    VRAM:     12143 MB
    Driver:   30.0.14.9649
Initialize mono
Mono path[0] = 'C:/Program Files/Unity/Hub/Editor/2020.3.23f1/Editor/Data/Managed'
Mono path[1] = 'C:/Program Files/Unity/Hub/Editor/2020.3.23f1/Editor/Data/MonoBleedingEdge/lib/mono/unityjit'
Mono config path = 'C:/Program Files/Unity/Hub/Editor/2020.3.23f1/Editor/Data/MonoBleedingEdge/etc'
Using monoOptions --debugger-agent=transport=dt_socket,embedding=1,server=y,suspend=n,address=127.0.0.1:56464
Begin MonoManager ReloadAssembly
Registering precompiled unity dll's ...
Register platform support module: C:/Program Files/Unity/Hub/Editor/2020.3.23f1/Editor/Data/PlaybackEngines/WindowsStandaloneSupport/UnityEditor.WindowsStandalone.Extensions.dll
Registered in 0.000964 seconds.
Native extension for WindowsStandalone target not found
Refreshing native plugins compatible for Editor in 30.10 ms, found 3 plugins.
Preloading 0 native plugins for Editor in 0.00 ms.
Mono: successfully reloaded assembly
- Completed reload, in  0.358 seconds
Domain Reload Profiling:
	ReloadAssembly (358ms)
		BeginReloadAssembly (33ms)
			ExecutionOrderSort (0ms)
			DisableScriptedObjects (0ms)
			BackupInstance (0ms)
			ReleaseScriptingObjects (0ms)
			CreateAndSetChildDomain (1ms)
		EndReloadAssembly (279ms)
			LoadAssemblies (32ms)
			RebuildTransferFunctionScriptingTraits (0ms)
			SetupTypeCache (86ms)
			ReleaseScriptCaches (0ms)
			RebuildScriptCaches (18ms)
			SetupLoadedEditorAssemblies (113ms)
				LogAssemblyErrors (0ms)
				InitializePlatformSupportModulesInManaged (3ms)
				SetLoadedEditorAssemblies (0ms)
				RefreshPlugins (30ms)
				BeforeProcessingInitializeOnLoad (6ms)
				ProcessInitializeOnLoadAttributes (55ms)
				ProcessInitializeOnLoadMethodAttributes (18ms)
				AfterProcessingInitializeOnLoad (0ms)
				EditorAssembliesLoaded (0ms)
			ExecutionOrderSort2 (0ms)
			AwakeInstancesAfterBackupRestoration (0ms)
Platform modules already initialized, skipping
Registering precompiled user dll's ...
Registered in 0.002603 seconds.
Begin MonoManager ReloadAssembly
Native extension for WindowsStandalone target not found
Refreshing native plugins compatible for Editor in 29.80 ms, found 3 plugins.
Preloading 0 native plugins for Editor in 0.00 ms.
Mono: successfully reloaded assembly
- Completed reload, in  0.675 seconds
Domain Reload Profiling:
	ReloadAssembly (675ms)
		BeginReloadAssembly (87ms)
			ExecutionOrderSort (0ms)
			DisableScriptedObjects (4ms)
			BackupInstance (0ms)
			ReleaseScriptingObjects (0ms)
			CreateAndSetChildDomain (12ms)
		EndReloadAssembly (550ms)
			LoadAssemblies (57ms)
			RebuildTransferFunctionScriptingTraits (0ms)
			SetupTypeCache (174ms)
			ReleaseScriptCaches (0ms)
			RebuildScriptCaches (28ms)
			SetupLoadedEditorAssemblies (220ms)
				LogAssemblyErrors (0ms)
				InitializePlatformSupportModulesInManaged (2ms)
				SetLoadedEditorAssemblies (0ms)
				RefreshPlugins (30ms)
				BeforeProcessingInitializeOnLoad (44ms)
				ProcessInitializeOnLoadAttributes (130ms)
				ProcessInitializeOnLoadMethodAttributes (11ms)
				AfterProcessingInitializeOnLoad (3ms)
				EditorAssembliesLoaded (0ms)
			ExecutionOrderSort2 (0ms)
			AwakeInstancesAfterBackupRestoration (4ms)
Platform modules already initialized, skipping
========================================================================
Worker process is ready to serve import requests
Launched and connected shader compiler UnityShaderCompiler.exe after 0.02 seconds
Refreshing native plugins compatible for Editor in 0.40 ms, found 3 plugins.
Preloading 0 native plugins for Editor in 0.00 ms.
Unloading 2207 Unused Serialized files (Serialized files now loaded: 0)
System memory in use before: 96.8 MB.
System memory in use after: 96.9 MB.

Unloading 28 unused Assets to reduce memory usage. Loaded Objects now: 2646.
Total: 3.322100 ms (FindLiveObjects: 0.172400 ms CreateObjectMapping: 0.051200 ms MarkObjects: 3.031900 ms  DeleteObjects: 0.065800 ms)

AssetImportParameters requested are different than current active one (requested -> active):
  custom:framework-win-MediaFoundation: 216162199b28c13a410421893ffa2e32 -> 
  custom:video-decoder-ogg-theora: a1e56fd34408186e4bbccfd4996cb3dc -> 
  custom:container-muxer-webm: aa71ff27fc2769a1b78a27578f13a17b -> 
  custom:container-demuxer-webm: 4f35f7cbe854078d1ac9338744f61a02 -> 
  custom:container-demuxer-ogg: 62fdf1f143b41e24485cea50d1cbac27 -> 
  custom:video-encoder-webm-vp8: eb34c28f22e8b96e1ab97ce403110664 -> 
  custom:video-decoder-webm-vp8: 9c59270c3fd7afecdb556c50c9e8de78 -> 
  custom:audio-decoder-ogg-vorbis: bf7c407c2cedff20999df2af8eb42d56 -> 
  custom:audio-encoder-webm-vorbis: bf7c407c2cedff20999df2af8eb42d56 -> 
========================================================================
Received Import Request.
  path: Assets/Prefabs/Platforms/Plat 13.prefab
  artifactKey: Guid(18b2ade6c136f1b4b82388ed446fdda7) Importer(815301076,1909f56bfc062723c751e8b465ee728b)
Start importing Assets/Prefabs/Platforms/Plat 13.prefab using Guid(18b2ade6c136f1b4b82388ed446fdda7) Importer(815301076,1909f56bfc062723c751e8b465ee728b) Diagnostics callstack to track who triggered the sub-import:
0x00007ff71e35bab2 (Unity) ImporterAssetResolver::ResolveAsset
0x00007ff71e327112 (Unity) ResolveArtifactV2
0x00007ff71e346a90 (Unity) ImportToObjects
0x00007ff71e345e98 (Unity) ImportAsset
0x00007ff71e2a7ab8 (Unity) AssetImportWorker::Import
0x00007ff71e2fb89a (Unity) <lambda_bc460064e1fa47f4de661f7cf652321c>::operator()
0x00007ff71e39f662 (Unity) asio::detail::completion_handler<core::mutable_function<void __cdecl(void)> >::do_complete
0x00007ff71e3a17c0 (Unity) asio::detail::win_iocp_io_service::do_one
0x00007ff71e3a4f4e (Unity) asio::io_service::run
0x00007ff71e327e2b (Unity) RunAssetImportWorkerClientV2
0x00007ff71e327e80 (Unity) RunAssetImporterV2
0x00007ff71d7dffc6 (Unity) Application::InitializeProject
0x00007ff71e196ca2 (Unity) WinMain
0x00007ff71fff7a66 (Unity) __scrt_common_main_seh
0x00007ffe251d7034 (KERNEL32) BaseThreadInitThunk
0x00007ffe25782651 (ntdll) RtlUserThreadStart

Requesting import of Guid(18b2ade6c136f1b4b82388ed446fdda7) Importer(-1,00000000000000000000000000000000), Assets/Prefabs/Platforms/Plat 13.prefab from editor
Resuming Guid(18b2ade6c136f1b4b82388ed446fdda7) Importer(-1,00000000000000000000000000000000) -> 00000000000000000000000000000000 (aborted)
Diagnostics callstack to track who triggered the sub-import:
0x00007ff71e35bab2 (Unity) ImporterAssetResolver::ResolveAsset
0x00007ff71e327112 (Unity) ResolveArtifactV2
0x00007ff71e31de51 (Unity) ProduceArtifactV2
0x00007ff71e26caae (Unity) AssetDatabase::ProduceArtifact
0x00007ff71e251c48 (Unity) PreviewImporter::GenerateAssetData
0x00007ff71e346e59 (Unity) ImportToObjects
0x00007ff71e345e98 (Unity) ImportAsset
0x00007ff71e2a7ab8 (Unity) AssetImportWorker::Import
0x00007ff71e2fb89a (Unity) <lambda_bc460064e1fa47f4de661f7cf652321c>::operator()
0x00007ff71e39f662 (Unity) asio::detail::completion_handler<core::mutable_function<void __cdecl(void)> >::do_complete
0x00007ff71e3a17c0 (Unity) asio::detail::win_iocp_io_service::do_one
0x00007ff71e3a4f4e (Unity) asio::io_service::run
0x00007ff71e327e2b (Unity) RunAssetImportWorkerClientV2
0x00007ff71e327e80 (Unity) RunAssetImporterV2
0x00007ff71d7dffc6 (Unity) Application::InitializeProject
0x00007ff71e196ca2 (Unity) WinMain
0x00007ff71fff7a66 (Unity) __scrt_common_main_seh
0x00007ffe251d7034 (KERNEL32) BaseThreadInitThunk
0x00007ffe25782651 (ntdll) RtlUserThreadStart

Sub-import of Guid(18b2ade6c136f1b4b82388ed446fdda7) Importer(-1,00000000000000000000000000000000), Assets/Prefabs/Platforms/Plat 13.prefab skipped because a previous one failed already
 -> (artifact id: '8321f081f27b72c2be94ab6bafab53d9') in 0.926268 seconds 
  Import took 0.928523 seconds (was aborted).

========================================================================
Received Import Request.
  Time since last request: 0.000099 seconds.
  path: Assets/Prefabs/Platforms/Plat 13.prefab
  artifactKey: Guid(18b2ade6c136f1b4b82388ed446fdda7) Importer(815301076,1909f56bfc062723c751e8b465ee728b)
Start importing Assets/Prefabs/Platforms/Plat 13.prefab using Guid(18b2ade6c136f1b4b82388ed446fdda7) Importer(815301076,1909f56bfc062723c751e8b465ee728b)  -> (artifact id: 'bd86dd044ed6e7d5d037f24fd973f188') in 0.048714 seconds 
  Import took 0.050913 seconds .

========================================================================
Received Import Request.
  Time since last request: 3.072043 seconds.
  path: Assets/Prefabs/Platforms/Plat 13.prefab
  artifactKey: Guid(18b2ade6c136f1b4b82388ed446fdda7) Importer(815301076,1909f56bfc062723c751e8b465ee728b)
Start importing Assets/Prefabs/Platforms/Plat 13.prefab using Guid(18b2ade6c136f1b4b82388ed446fdda7) Importer(815301076,1909f56bfc062723c751e8b465ee728b)  -> (artifact id: '29734ee9b2d1e3c48316b6ae8a0eec74') in 0.007546 seconds 
  Import took 0.010215 seconds .

========================================================================
Received Import Request.
  Time since last request: 4.420507 seconds.
  path: Assets/Prefabs/Platforms/Plat 13.prefab
  artifactKey: Guid(18b2ade6c136f1b4b82388ed446fdda7) Importer(815301076,1909f56bfc062723c751e8b465ee728b)
Start importing Assets/Prefabs/Platforms/Plat 13.prefab using Guid(18b2ade6c136f1b4b82388ed446fdda7) Importer(815301076,1909f56bfc062723c751e8b465ee728b)  -> (artifact id: '78bb7a38b33a03678d4571c55e0274d1') in 0.005292 seconds 
  Import took 0.008141 seconds .

========================================================================
Received Import Request.
  Time since last request: 12.743925 seconds.
  path: Assets/Prefabs/Platforms/Plat 13.prefab
  artifactKey: Guid(18b2ade6c136f1b4b82388ed446fdda7) Importer(815301076,1909f56bfc062723c751e8b465ee728b)
Start importing Assets/Prefabs/Platforms/Plat 13.prefab using Guid(18b2ade6c136f1b4b82388ed446fdda7) Importer(815301076,1909f56bfc062723c751e8b465ee728b)  -> (artifact id: 'e9232b95d5d1f5da31c50f4e56da9754') in 0.008715 seconds 
  Import took 0.011375 seconds .

========================================================================
Received Import Request.
  Time since last request: 21.308846 seconds.
  path: Assets/Prefabs/Platforms/Plat 16.prefab
  artifactKey: Guid(0f144ad19e3408d43a3d8d3a5aac116d) Importer(815301076,1909f56bfc062723c751e8b465ee728b)
Start importing Assets/Prefabs/Platforms/Plat 16.prefab using Guid(0f144ad19e3408d43a3d8d3a5aac116d) Importer(815301076,1909f56bfc062723c751e8b465ee728b)  -> (artifact id: '3ec027d24820d6e82d97236101085566') in 0.008198 seconds 
  Import took 0.011080 seconds .

========================================================================
Received Prepare
Registering precompiled user dll's ...
Registered in 0.002611 seconds.
Begin MonoManager ReloadAssembly
Native extension for WindowsStandalone target not found
Refreshing native plugins compatible for Editor in 0.41 ms, found 3 plugins.
Preloading 0 native plugins for Editor in 0.00 ms.
Mono: successfully reloaded assembly
- Completed reload, in  0.647 seconds
Domain Reload Profiling:
	ReloadAssembly (647ms)
		BeginReloadAssembly (88ms)
			ExecutionOrderSort (0ms)
			DisableScriptedObjects (4ms)
			BackupInstance (0ms)
			ReleaseScriptingObjects (0ms)
			CreateAndSetChildDomain (25ms)
		EndReloadAssembly (510ms)
			LoadAssemblies (53ms)
			RebuildTransferFunctionScriptingTraits (0ms)
			SetupTypeCache (181ms)
			ReleaseScriptCaches (1ms)
			RebuildScriptCaches (26ms)
			SetupLoadedEditorAssemblies (188ms)
				LogAssemblyErrors (0ms)
				InitializePlatformSupportModulesInManaged (3ms)
				SetLoadedEditorAssemblies (0ms)
				RefreshPlugins (0ms)
				BeforeProcessingInitializeOnLoad (40ms)
				ProcessInitializeOnLoadAttributes (133ms)
				ProcessInitializeOnLoadMethodAttributes (8ms)
				AfterProcessingInitializeOnLoad (3ms)
				EditorAssembliesLoaded (0ms)
			ExecutionOrderSort2 (0ms)
			AwakeInstancesAfterBackupRestoration (6ms)
Platform modules already initialized, skipping
Refreshing native plugins compatible for Editor in 0.41 ms, found 3 plugins.
Preloading 0 native plugins for Editor in 0.00 ms.
Unloading 2196 Unused Serialized files (Serialized files now loaded: 0)
System memory in use before: 99.1 MB.
System memory in use after: 99.2 MB.

Unloading 18 unused Assets to reduce memory usage. Loaded Objects now: 2655.
Total: 2.117900 ms (FindLiveObjects: 0.130600 ms CreateObjectMapping: 0.041800 ms MarkObjects: 1.928500 ms  DeleteObjects: 0.016300 ms)

AssetImportParameters requested are different than current active one (requested -> active):
  custom:framework-win-MediaFoundation: 216162199b28c13a410421893ffa2e32 -> 
  custom:video-decoder-ogg-theora: a1e56fd34408186e4bbccfd4996cb3dc -> 
  custom:container-muxer-webm: aa71ff27fc2769a1b78a27578f13a17b -> 
  custom:container-demuxer-webm: 4f35f7cbe854078d1ac9338744f61a02 -> 
  custom:container-demuxer-ogg: 62fdf1f143b41e24485cea50d1cbac27 -> 
  custom:video-encoder-webm-vp8: eb34c28f22e8b96e1ab97ce403110664 -> 
  custom:video-decoder-webm-vp8: 9c59270c3fd7afecdb556c50c9e8de78 -> 
  custom:audio-decoder-ogg-vorbis: bf7c407c2cedff20999df2af8eb42d56 -> 
  custom:audio-encoder-webm-vorbis: bf7c407c2cedff20999df2af8eb42d56 -> 
========================================================================
Received Prepare
Registering precompiled user dll's ...
Registered in 0.002600 seconds.
Begin MonoManager ReloadAssembly
Native extension for WindowsStandalone target not found
Refreshing native plugins compatible for Editor in 0.41 ms, found 3 plugins.
Preloading 0 native plugins for Editor in 0.00 ms.
Mono: successfully reloaded assembly
- Completed reload, in  0.642 seconds
Domain Reload Profiling:
	ReloadAssembly (642ms)
		BeginReloadAssembly (81ms)
			ExecutionOrderSort (0ms)
			DisableScriptedObjects (4ms)
			BackupInstance (0ms)
			ReleaseScriptingObjects (0ms)
			CreateAndSetChildDomain (23ms)
		EndReloadAssembly (520ms)
			LoadAssemblies (60ms)
			RebuildTransferFunctionScriptingTraits (0ms)
			SetupTypeCache (185ms)
			ReleaseScriptCaches (1ms)
			RebuildScriptCaches (27ms)
			SetupLoadedEditorAssemblies (183ms)
				LogAssemblyErrors (0ms)
				InitializePlatformSupportModulesInManaged (3ms)
				SetLoadedEditorAssemblies (0ms)
				RefreshPlugins (0ms)
				BeforeProcessingInitializeOnLoad (39ms)
				ProcessInitializeOnLoadAttributes (130ms)
				ProcessInitializeOnLoadMethodAttributes (8ms)
				AfterProcessingInitializeOnLoad (3ms)
				EditorAssembliesLoaded (0ms)
			ExecutionOrderSort2 (0ms)
			AwakeInstancesAfterBackupRestoration (6ms)
Platform modules already initialized, skipping
Refreshing native plugins compatible for Editor in 0.38 ms, found 3 plugins.
Preloading 0 native plugins for Editor in 0.00 ms.
Unloading 2196 Unused Serialized files (Serialized files now loaded: 0)
System memory in use before: 99.2 MB.
System memory in use after: 99.3 MB.

Unloading 17 unused Assets to reduce memory usage. Loaded Objects now: 2657.
Total: 2.213700 ms (FindLiveObjects: 0.146300 ms CreateObjectMapping: 0.049400 ms MarkObjects: 2.004800 ms  DeleteObjects: 0.012400 ms)

AssetImportParameters requested are different than current active one (requested -> active):
  custom:framework-win-MediaFoundation: 216162199b28c13a410421893ffa2e32 -> 
  custom:video-decoder-ogg-theora: a1e56fd34408186e4bbccfd4996cb3dc -> 
  custom:container-muxer-webm: aa71ff27fc2769a1b78a27578f13a17b -> 
  custom:container-demuxer-webm: 4f35f7cbe854078d1ac9338744f61a02 -> 
  custom:container-demuxer-ogg: 62fdf1f143b41e24485cea50d1cbac27 -> 
  custom:video-encoder-webm-vp8: eb34c28f22e8b96e1ab97ce403110664 -> 
  custom:video-decoder-webm-vp8: 9c59270c3fd7afecdb556c50c9e8de78 -> 
  custom:audio-decoder-ogg-vorbis: bf7c407c2cedff20999df2af8eb42d56 -> 
  custom:audio-encoder-webm-vorbis: bf7c407c2cedff20999df2af8eb42d56 -> 
========================================================================
Received Import Request.
  Time since last request: 353.917274 seconds.
  path: Assets/Prefabs/Platforms/Plat 16.prefab
  artifactKey: Guid(0f144ad19e3408d43a3d8d3a5aac116d) Importer(815301076,1909f56bfc062723c751e8b465ee728b)
Start importing Assets/Prefabs/Platforms/Plat 16.prefab using Guid(0f144ad19e3408d43a3d8d3a5aac116d) Importer(815301076,1909f56bfc062723c751e8b465ee728b)  -> (artifact id: '65a903d04d1b148c1d2ebcdeec1a3f85') in 0.035578 seconds 
  Import took 0.038362 seconds .

========================================================================
Received Import Request.
  Time since last request: 6.233353 seconds.
  path: Assets/Prefabs/Platforms/Plat 16.prefab
  artifactKey: Guid(0f144ad19e3408d43a3d8d3a5aac116d) Importer(815301076,1909f56bfc062723c751e8b465ee728b)
Start importing Assets/Prefabs/Platforms/Plat 16.prefab using Guid(0f144ad19e3408d43a3d8d3a5aac116d) Importer(815301076,1909f56bfc062723c751e8b465ee728b)  -> (artifact id: '88475807c1c6d01d61873610f4404b4b') in 0.008608 seconds 
  Import took 0.011216 seconds .

========================================================================
Received Import Request.
  Time since last request: 0.573323 seconds.
  path: Assets/Prefabs/Platforms/Plat 16.prefab
  artifactKey: Guid(0f144ad19e3408d43a3d8d3a5aac116d) Importer(815301076,1909f56bfc062723c751e8b465ee728b)
Start importing Assets/Prefabs/Platforms/Plat 16.prefab using Guid(0f144ad19e3408d43a3d8d3a5aac116d) Importer(815301076,1909f56bfc062723c751e8b465ee728b)  -> (artifact id: 'da6078c04797719e8075b370e2db2349') in 0.006876 seconds 
  Import took 0.009979 seconds .

========================================================================
Received Import Request.
  Time since last request: 0.593779 seconds.
  path: Assets/Prefabs/Platforms/Plat 16.prefab
  artifactKey: Guid(0f144ad19e3408d43a3d8d3a5aac116d) Importer(815301076,1909f56bfc062723c751e8b465ee728b)
Start importing Assets/Prefabs/Platforms/Plat 16.prefab using Guid(0f144ad19e3408d43a3d8d3a5aac116d) Importer(815301076,1909f56bfc062723c751e8b465ee728b)  -> (artifact id: 'cb3857c61e2abe6bd8fdbfc63aeae619') in 0.006933 seconds 
  Import took 0.009579 seconds .

========================================================================
Received Import Request.
  Time since last request: 0.597113 seconds.
  path: Assets/Prefabs/Platforms/Plat 16.prefab
  artifactKey: Guid(0f144ad19e3408d43a3d8d3a5aac116d) Importer(815301076,1909f56bfc062723c751e8b465ee728b)
Start importing Assets/Prefabs/Platforms/Plat 16.prefab using Guid(0f144ad19e3408d43a3d8d3a5aac116d) Importer(815301076,1909f56bfc062723c751e8b465ee728b)  -> (artifact id: '1766166a31f45cd83493ec6eaf662b9b') in 0.006471 seconds 
  Import took 0.009018 seconds .

========================================================================
Received Import Request.
  Time since last request: 0.601257 seconds.
  path: Assets/Prefabs/Platforms/Plat 16.prefab
  artifactKey: Guid(0f144ad19e3408d43a3d8d3a5aac116d) Importer(815301076,1909f56bfc062723c751e8b465ee728b)
Start importing Assets/Prefabs/Platforms/Plat 16.prefab using Guid(0f144ad19e3408d43a3d8d3a5aac116d) Importer(815301076,1909f56bfc062723c751e8b465ee728b)  -> (artifact id: '5a4ac3d54e3ea78a64e425ade6257893') in 0.006597 seconds 
  Import took 0.009308 seconds .

========================================================================
Received Import Request.
  Time since last request: 1.802591 seconds.
  path: Assets/Prefabs/Platforms/Plat 16.prefab
  artifactKey: Guid(0f144ad19e3408d43a3d8d3a5aac116d) Importer(815301076,1909f56bfc062723c751e8b465ee728b)
Start importing Assets/Prefabs/Platforms/Plat 16.prefab using Guid(0f144ad19e3408d43a3d8d3a5aac116d) Importer(815301076,1909f56bfc062723c751e8b465ee728b)  -> (artifact id: 'ba901891f97615281301bb4324860a66') in 0.007215 seconds 
  Import took 0.009819 seconds .

========================================================================
Received Import Request.
  Time since last request: 0.997326 seconds.
  path: Assets/Prefabs/Platforms/Plat 16.prefab
  artifactKey: Guid(0f144ad19e3408d43a3d8d3a5aac116d) Importer(815301076,1909f56bfc062723c751e8b465ee728b)
Start importing Assets/Prefabs/Platforms/Plat 16.prefab using Guid(0f144ad19e3408d43a3d8d3a5aac116d) Importer(815301076,1909f56bfc062723c751e8b465ee728b)  -> (artifact id: '5c916f8afb2285dd1343d068bfa8e6a7') in 0.007463 seconds 
  Import took 0.010199 seconds .

========================================================================
Received Import Request.
  Time since last request: 1.199832 seconds.
  path: Assets/Prefabs/Platforms/Plat 16.prefab
  artifactKey: Guid(0f144ad19e3408d43a3d8d3a5aac116d) Importer(815301076,1909f56bfc062723c751e8b465ee728b)
Start importing Assets/Prefabs/Platforms/Plat 16.prefab using Guid(0f144ad19e3408d43a3d8d3a5aac116d) Importer(815301076,1909f56bfc062723c751e8b465ee728b)  -> (artifact id: '2544f6376b66023ce5f9e76855f73d53') in 0.007262 seconds 
  Import took 0.010168 seconds .

========================================================================
Received Import Request.
  Time since last request: 0.794185 seconds.
  path: Assets/Prefabs/Platforms/Plat 16.prefab
  artifactKey: Guid(0f144ad19e3408d43a3d8d3a5aac116d) Importer(815301076,1909f56bfc062723c751e8b465ee728b)
Start importing Assets/Prefabs/Platforms/Plat 16.prefab using Guid(0f144ad19e3408d43a3d8d3a5aac116d) Importer(815301076,1909f56bfc062723c751e8b465ee728b)  -> (artifact id: '09309a7d47867edb21345ec2fb51e480') in 0.006562 seconds 
  Import took 0.009346 seconds .

========================================================================
Received Import Request.
  Time since last request: 1.202110 seconds.
  path: Assets/Prefabs/Platforms/Plat 16.prefab
  artifactKey: Guid(0f144ad19e3408d43a3d8d3a5aac116d) Importer(815301076,1909f56bfc062723c751e8b465ee728b)
Start importing Assets/Prefabs/Platforms/Plat 16.prefab using Guid(0f144ad19e3408d43a3d8d3a5aac116d) Importer(815301076,1909f56bfc062723c751e8b465ee728b)  -> (artifact id: 'c2ac97bda86dfb55ee294afdd42ca32b') in 0.006808 seconds 
  Import took 0.009674 seconds .

========================================================================
Received Import Request.
  Time since last request: 0.996479 seconds.
  path: Assets/Prefabs/Platforms/Plat 16.prefab
  artifactKey: Guid(0f144ad19e3408d43a3d8d3a5aac116d) Importer(815301076,1909f56bfc062723c751e8b465ee728b)
Start importing Assets/Prefabs/Platforms/Plat 16.prefab using Guid(0f144ad19e3408d43a3d8d3a5aac116d) Importer(815301076,1909f56bfc062723c751e8b465ee728b)  -> (artifact id: '1b143a7e566da63e99b2a752ca539b13') in 0.006774 seconds 
  Import took 0.009533 seconds .

========================================================================
Received Prepare
Registering precompiled user dll's ...
Registered in 0.002502 seconds.
Begin MonoManager ReloadAssembly
Native extension for WindowsStandalone target not found
Refreshing native plugins compatible for Editor in 0.41 ms, found 3 plugins.
Preloading 0 native plugins for Editor in 0.00 ms.
Mono: successfully reloaded assembly
- Completed reload, in  0.594 seconds
Domain Reload Profiling:
	ReloadAssembly (594ms)
		BeginReloadAssembly (71ms)
			ExecutionOrderSort (0ms)
			DisableScriptedObjects (4ms)
			BackupInstance (0ms)
			ReleaseScriptingObjects (0ms)
			CreateAndSetChildDomain (23ms)
		EndReloadAssembly (486ms)
			LoadAssemblies (55ms)
			RebuildTransferFunctionScriptingTraits (0ms)
			SetupTypeCache (166ms)
			ReleaseScriptCaches (1ms)
			RebuildScriptCaches (25ms)
			SetupLoadedEditorAssemblies (179ms)
				LogAssemblyErrors (0ms)
				InitializePlatformSupportModulesInManaged (3ms)
				SetLoadedEditorAssemblies (0ms)
				RefreshPlugins (0ms)
				BeforeProcessingInitializeOnLoad (38ms)
				ProcessInitializeOnLoadAttributes (127ms)
				ProcessInitializeOnLoadMethodAttributes (7ms)
				AfterProcessingInitializeOnLoad (3ms)
				EditorAssembliesLoaded (0ms)
			ExecutionOrderSort2 (0ms)
			AwakeInstancesAfterBackupRestoration (6ms)
Platform modules already initialized, skipping
Refreshing native plugins compatible for Editor in 0.35 ms, found 3 plugins.
Preloading 0 native plugins for Editor in 0.00 ms.
Unloading 2196 Unused Serialized files (Serialized files now loaded: 0)
System memory in use before: 99.2 MB.
System memory in use after: 99.3 MB.

Unloading 18 unused Assets to reduce memory usage. Loaded Objects now: 2660.
Total: 2.234400 ms (FindLiveObjects: 0.126300 ms CreateObjectMapping: 0.049800 ms MarkObjects: 2.042300 ms  DeleteObjects: 0.015500 ms)

AssetImportParameters requested are different than current active one (requested -> active):
  custom:framework-win-MediaFoundation: 216162199b28c13a410421893ffa2e32 -> 
  custom:video-decoder-ogg-theora: a1e56fd34408186e4bbccfd4996cb3dc -> 
  custom:container-muxer-webm: aa71ff27fc2769a1b78a27578f13a17b -> 
  custom:container-demuxer-webm: 4f35f7cbe854078d1ac9338744f61a02 -> 
  custom:container-demuxer-ogg: 62fdf1f143b41e24485cea50d1cbac27 -> 
  custom:video-encoder-webm-vp8: eb34c28f22e8b96e1ab97ce403110664 -> 
  custom:video-decoder-webm-vp8: 9c59270c3fd7afecdb556c50c9e8de78 -> 
  custom:audio-decoder-ogg-vorbis: bf7c407c2cedff20999df2af8eb42d56 -> 
  custom:audio-encoder-webm-vorbis: bf7c407c2cedff20999df2af8eb42d56 -> 
========================================================================
Received Import Request.
  Time since last request: 82.588036 seconds.
  path: Assets/Prefabs/People.prefab
  artifactKey: Guid(c249708d1610d7b46ac595fe27fb8213) Importer(815301076,1909f56bfc062723c751e8b465ee728b)
Start importing Assets/Prefabs/People.prefab using Guid(c249708d1610d7b46ac595fe27fb8213) Importer(815301076,1909f56bfc062723c751e8b465ee728b)  -> (artifact id: 'f3fe0cc43901d9939a6fc52907a2d3d1') in 0.035642 seconds 
  Import took 0.038144 seconds .

========================================================================
Received Prepare
Registering precompiled user dll's ...
Registered in 0.002668 seconds.
Begin MonoManager ReloadAssembly
Native extension for WindowsStandalone target not found
Refreshing native plugins compatible for Editor in 0.41 ms, found 3 plugins.
Preloading 0 native plugins for Editor in 0.00 ms.
Mono: successfully reloaded assembly
- Completed reload, in  0.625 seconds
Domain Reload Profiling:
	ReloadAssembly (626ms)
		BeginReloadAssembly (78ms)
			ExecutionOrderSort (0ms)
			DisableScriptedObjects (4ms)
			BackupInstance (0ms)
			ReleaseScriptingObjects (0ms)
			CreateAndSetChildDomain (24ms)
		EndReloadAssembly (510ms)
			LoadAssemblies (55ms)
			RebuildTransferFunctionScriptingTraits (0ms)
			SetupTypeCache (172ms)
			ReleaseScriptCaches (1ms)
			RebuildScriptCaches (25ms)
			SetupLoadedEditorAssemblies (184ms)
				LogAssemblyErrors (0ms)
				InitializePlatformSupportModulesInManaged (3ms)
				SetLoadedEditorAssemblies (0ms)
				RefreshPlugins (0ms)
				BeforeProcessingInitializeOnLoad (39ms)
				ProcessInitializeOnLoadAttributes (130ms)
				ProcessInitializeOnLoadMethodAttributes (7ms)
				AfterProcessingInitializeOnLoad (3ms)
				EditorAssembliesLoaded (0ms)
			ExecutionOrderSort2 (0ms)
			AwakeInstancesAfterBackupRestoration (6ms)
Platform modules already initialized, skipping
Refreshing native plugins compatible for Editor in 0.40 ms, found 3 plugins.
Preloading 0 native plugins for Editor in 0.00 ms.
Unloading 2196 Unused Serialized files (Serialized files now loaded: 0)
System memory in use before: 99.2 MB.
System memory in use after: 99.3 MB.

Unloading 17 unused Assets to reduce memory usage. Loaded Objects now: 2663.
Total: 2.126000 ms (FindLiveObjects: 0.136700 ms CreateObjectMapping: 0.042400 ms MarkObjects: 1.933700 ms  DeleteObjects: 0.012400 ms)

AssetImportParameters requested are different than current active one (requested -> active):
  custom:framework-win-MediaFoundation: 216162199b28c13a410421893ffa2e32 -> 
  custom:video-decoder-ogg-theora: a1e56fd34408186e4bbccfd4996cb3dc -> 
  custom:container-muxer-webm: aa71ff27fc2769a1b78a27578f13a17b -> 
  custom:container-demuxer-webm: 4f35f7cbe854078d1ac9338744f61a02 -> 
  custom:container-demuxer-ogg: 62fdf1f143b41e24485cea50d1cbac27 -> 
  custom:video-encoder-webm-vp8: eb34c28f22e8b96e1ab97ce403110664 -> 
  custom:video-decoder-webm-vp8: 9c59270c3fd7afecdb556c50c9e8de78 -> 
  custom:audio-decoder-ogg-vorbis: bf7c407c2cedff20999df2af8eb42d56 -> 
  custom:audio-encoder-webm-vorbis: bf7c407c2cedff20999df2af8eb42d56 -> 
AssetImportWorkerClient::OnTransportError - code=2 error=End of file
